#
# A fatal error has been detected by the Java Runtime Environment:
#
#  EXCEPTION_ACCESS_VIOLATION (0xc0000005) at pc=0x000000006e920413, pid=3800, tid=0x0000000000002b20
#
# JRE version: OpenJDK Runtime Environment (8.0_112-b06) (build 1.8.0_112-release-b06)
# Java VM: OpenJDK 64-Bit Server VM (25.112-b06 mixed mode windows-amd64 compressed oops)
# Problematic frame:
# V  [jvm.dll+0x100413]
#
# Failed to write core dump. Minidumps are not enabled by default on client versions of Windows
#
# If you would like to submit a bug report, please visit:
#   http://bugreport.java.com/bugreport/crash.jsp
#

---------------  T H R E A D  ---------------

Current thread (0x0000000016c75800):  VMThread [stack: 0x0000000018970000,0x0000000018a70000] [id=11040]

siginfo: ExceptionCode=0xc0000005, reading address 0x0000004000000068

Registers:
RAX=0x000000006ee32258, RBX=0x0000004000000000, RCX=0x0000000100026f28, RDX=0x000000001e49ac60
RSP=0x0000000018a6f090, RBP=0x0000000018a6f100, RSI=0x000000010003f9a0, RDI=0x000000006efa4320
R8 =0x0000000000000023, R9 =0x000000001e49ac60, R10=0x00000000000001fe, R11=0x0000000018a6f028
R12=0x0000000000000001, R13=0x0000000000000000, R14=0x000000006ede8a60, R15=0x000000006efa4290
RIP=0x000000006e920413, EFLAGS=0x0000000000010206

Top of Stack: (sp=0x0000000018a6f090)
0x0000000018a6f090:   0000000000000000 000000006efa4320
0x0000000018a6f0a0:   000000000a10a895 000000006e8629ad
0x0000000018a6f0b0:   000000006ede8a60 00000000000001fe
0x0000000018a6f0c0:   ffffffffffffff00 0000000000000004
0x0000000018a6f0d0:   000000000000002b 00000000000003fc
0x0000000018a6f0e0:   0000000000000000 000000001e49ac60
0x0000000018a6f0f0:   0000000000000000 0000000002db1940
0x0000000018a6f100:   000000006efa42e0 0000000000000000
0x0000000018a6f110:   0000000018a6f220 000000006ebe85c7
0x0000000018a6f120:   0000000016b05520 0000000000000008
0x0000000018a6f130:   0000000000000000 000000006ee32150
0x0000000018a6f140:   000000006efa4290 000000000000005a
0x0000000018a6f150:   000000006efa4290 000000000000005a
0x0000000018a6f160:   00000000000016b1 00000000000018a4
0x0000000018a6f170:   0000000000000621 000000000000000d
0x0000000018a6f180:   000000006ee310b8 0000000002eb3330 

Instructions: (pc=0x000000006e920413)
0x000000006e9203f3:   eb 0b 48 ff c8 48 89 45 d0 48 8b 34 c2 48 8b 5e
0x000000006e920403:   78 48 85 db 74 23 0f 1f 80 00 00 00 00 48 8b 07
0x000000006e920413:   48 8b 53 68 48 8b cf ff 10 84 c0 75 0c 48 8b 9b
0x000000006e920423:   80 00 00 00 48 85 db 75 e4 48 89 5e 78 48 85 db 


Register to memory mapping:

RAX=0x000000006ee32258 is an unknown value
RBX=0x0000004000000000 is an unknown value
RCX=0x0000000100026f28 is pointing into metadata
RDX=0x000000001e49ac60 is an unknown value
RSP=0x0000000018a6f090 is an unknown value
RBP=0x0000000018a6f100 is an unknown value
RSI=0x000000010003f9a0 is pointing into metadata
RDI=0x000000006efa4320 is an unknown value
R8 =0x0000000000000023 is an unknown value
R9 =0x000000001e49ac60 is an unknown value
R10=0x00000000000001fe is an unknown value
R11=0x0000000018a6f028 is an unknown value
R12=0x0000000000000001 is an unknown value
R13=0x0000000000000000 is an unknown value
R14=0x000000006ede8a60 is an unknown value
R15=0x000000006efa4290 is an unknown value


Stack: [0x0000000018970000,0x0000000018a70000],  sp=0x0000000018a6f090,  free space=1020k
Native frames: (J=compiled Java code, j=interpreted, Vv=VM code, C=native code)
V  [jvm.dll+0x100413]
V  [jvm.dll+0x3c85c7]
V  [jvm.dll+0x3c98fe]
V  [jvm.dll+0x3cd82f]
V  [jvm.dll+0x3bd5a4]
V  [jvm.dll+0x3cfdb6]
V  [jvm.dll+0x2228c7]
V  [jvm.dll+0x221b82]
V  [jvm.dll+0x222001]
V  [jvm.dll+0x22221e]
V  [jvm.dll+0x26c13a]
C  [msvcr100.dll+0x21d9f]
C  [msvcr100.dll+0x21e3b]
C  [KERNEL32.DLL+0x8364]
C  [ntdll.dll+0x670d1]

VM_Operation (0x0000000044cbb470): ParallelGCFailedAllocation, mode: safepoint, requested by thread 0x000000001db88800


---------------  P R O C E S S  ---------------

Java Threads: ( => current thread )
  0x000000001db8e000 JavaThread "Stdin handler" [_thread_blocked, id=12252, stack(0x0000000044dc0000,0x0000000044ec0000)]
  0x000000001db8c800 JavaThread "Asynchronous log dispatcher for DefaultDaemonConnection: socket connection from /127.0.0.1:49971 to /127.0.0.1:50893" [_thread_blocked, id=5084, stack(0x0000000044cc0000,0x0000000044dc0000)]
  0x000000001db88800 JavaThread "Daemon worker Thread 14" [_thread_blocked, id=2364, stack(0x0000000044bc0000,0x0000000044cc0000)]
  0x000000001db8b800 JavaThread "Cancel handler" [_thread_blocked, id=12032, stack(0x0000000044ac0000,0x0000000044bc0000)]
  0x000000001db8a800 JavaThread "Handler for socket connection from /127.0.0.1:49971 to /127.0.0.1:50893" [_thread_in_native, id=8028, stack(0x00000000449c0000,0x0000000044ac0000)]
  0x000000001db7f800 JavaThread "Daemon Thread 14" [_thread_blocked, id=8992, stack(0x00000000448c0000,0x00000000449c0000)]
  0x000000001cb5f800 JavaThread "pool-12-thread-4" [_thread_blocked, id=5004, stack(0x000000002bcc0000,0x000000002bdc0000)]
  0x000000001f38d000 JavaThread "pool-12-thread-3" [_thread_blocked, id=9512, stack(0x000000002bbc0000,0x000000002bcc0000)]
  0x000000001f391000 JavaThread "pool-12-thread-2" [_thread_blocked, id=12420, stack(0x000000002bac0000,0x000000002bbc0000)]
  0x000000001f390000 JavaThread "pool-12-thread-1" [_thread_blocked, id=8464, stack(0x000000002b9c0000,0x000000002bac0000)]
  0x000000001a40c000 JavaThread "File lock request listener" [_thread_in_native, id=216, stack(0x000000001d770000,0x000000001d870000)]
  0x000000001aa33800 JavaThread "pool-1-thread-1" [_thread_blocked, id=724, stack(0x000000001bfa0000,0x000000001c0a0000)]
  0x000000001a880000 JavaThread "Incoming local TCP Connector on port 49971" [_thread_in_native, id=2316, stack(0x000000001b130000,0x000000001b230000)]
  0x0000000018c2d000 JavaThread "Service Thread" daemon [_thread_blocked, id=6256, stack(0x0000000019760000,0x0000000019860000)]
  0x0000000018ba6000 JavaThread "C1 CompilerThread3" daemon [_thread_blocked, id=7648, stack(0x0000000019660000,0x0000000019760000)]
  0x0000000018b9c800 JavaThread "C2 CompilerThread2" daemon [_thread_blocked, id=3348, stack(0x0000000019560000,0x0000000019660000)]
  0x0000000018b9a000 JavaThread "C2 CompilerThread1" daemon [_thread_blocked, id=8184, stack(0x0000000019460000,0x0000000019560000)]
  0x0000000018b97000 JavaThread "C2 CompilerThread0" daemon [_thread_blocked, id=11660, stack(0x0000000019360000,0x0000000019460000)]
  0x0000000018b96000 JavaThread "Attach Listener" daemon [_thread_blocked, id=4924, stack(0x0000000019260000,0x0000000019360000)]
  0x0000000016c8e000 JavaThread "Signal Dispatcher" daemon [_thread_blocked, id=11464, stack(0x0000000019160000,0x0000000019260000)]
  0x0000000018b90800 JavaThread "Finalizer" daemon [_thread_blocked, id=11280, stack(0x0000000018f70000,0x0000000019070000)]
  0x0000000002eb6000 JavaThread "Reference Handler" daemon [_thread_blocked, id=8096, stack(0x0000000018a70000,0x0000000018b70000)]
  0x0000000002dc0800 JavaThread "main" [_thread_blocked, id=4324, stack(0x0000000002c40000,0x0000000002d40000)]

Other Threads:
=>0x0000000016c75800 VMThread [stack: 0x0000000018970000,0x0000000018a70000] [id=11040]
  0x0000000018c2e000 WatcherThread [stack: 0x0000000019860000,0x0000000019960000] [id=9856]

VM state:at safepoint (normal execution)

VM Mutex/Monitor currently owned by a thread:  ([mutex/lock_event])
[0x0000000002dbca70] Threads_lock - owner thread: 0x0000000016c75800
[0x0000000002dbc6f0] Heap_lock - owner thread: 0x000000001db88800

Heap:
 PSYoungGen      total 349696K, used 76917K [0x00000000e0000000, 0x0000000100000000, 0x0000000100000000)
  eden space 175104K, 0% used [0x00000000e0000000,0x00000000e0000000,0x00000000eab00000)
  from space 174592K, 44% used [0x00000000f5580000,0x00000000fa09d410,0x0000000100000000)
  to   space 174592K, 0% used [0x00000000eab00000,0x00000000eab00000,0x00000000f5580000)
 ParOldGen       total 703488K, used 643109K [0x00000000a0000000, 0x00000000caf00000, 0x00000000e0000000)
  object space 703488K, 91% used [0x00000000a0000000,0x00000000c7409728,0x00000000caf00000)
 Metaspace       used 219565K, capacity 231788K, committed 232064K, reserved 1251328K
  class space    used 28085K, capacity 30278K, committed 30336K, reserved 1048576K

Card table byte_map: [0x0000000012280000,0x0000000012590000] byte_map_base: 0x0000000011d80000

Marking Bits: (ParMarkBitMap*) 0x000000006efe18f0
 Begin Bits: [0x0000000012f90000, 0x0000000014790000)
 End Bits:   [0x0000000014790000, 0x0000000015f90000)

Polling page: 0x0000000001480000

CodeCache: size=245760Kb used=115766Kb max_used=116398Kb free=129993Kb
 bounds [0x0000000002ec0000, 0x000000000a110000, 0x0000000011ec0000]
 total_blobs=32815 nmethods=31959 adapters=767
 compilation: enabled

Compilation events (10 events):
Event: 3547.418 Thread 0x0000000018ba6000 nmethod 44515 0x00000000069c4fd0 code [0x00000000069c5120, 0x00000000069c5250]
Event: 3547.418 Thread 0x0000000018ba6000 44516       3       org.gradle.api.internal.artifacts.ivyservice.resolveengine.artifact.LocalFileDependencyBackedArtifactSet::collectBuildDependencies (22 bytes)
Event: 3547.419 Thread 0x0000000018ba6000 nmethod 44516 0x000000000664d150 code [0x000000000664d2e0, 0x000000000664d728]
Event: 3547.419 Thread 0x0000000018ba6000 44517       3       org.gradle.api.internal.file.CompositeFileCollection::getBuildDependencies (9 bytes)
Event: 3547.420 Thread 0x0000000018ba6000 nmethod 44517 0x0000000009de2bd0 code [0x0000000009de2d40, 0x0000000009de3010]
Event: 3547.426 Thread 0x0000000018b9c800 44518       4       org.gradle.api.internal.project.taskfactory.InputPropertyAnnotationHandler::attachActions (16 bytes)
Event: 3547.429 Thread 0x0000000018b9c800 nmethod 44518 0x0000000004579dd0 code [0x0000000004579f20, 0x000000000457a038]
Event: 3547.537 Thread 0x0000000018ba6000 44519       3       org.gradle.api.internal.file.copy.SingleParentCopySpec::<init> (12 bytes)
Event: 3547.537 Thread 0x0000000018ba6000 nmethod 44519 0x0000000005590590 code [0x0000000005590700, 0x00000000055908c8]
Event: 3547.537 Thread 0x0000000018ba6000 44520       3       org.gradle.api.internal.file.copy.DefaultCopySpec::addChildSpec (73 bytes)

GC Heap History (10 events):
Event: 2504.816 GC heap after
Heap after GC invocations=86 (full 8):
 PSYoungGen      total 363520K, used 120324K [0x00000000e0000000, 0x0000000100000000, 0x0000000100000000)
  eden space 241664K, 0% used [0x00000000e0000000,0x00000000e0000000,0x00000000eec00000)
  from space 121856K, 98% used [0x00000000f8900000,0x00000000ffe810f0,0x0000000100000000)
  to   space 141312K, 0% used [0x00000000eec00000,0x00000000eec00000,0x00000000f7600000)
 ParOldGen       total 703488K, used 533091K [0x00000000a0000000, 0x00000000caf00000, 0x00000000e0000000)
  object space 703488K, 75% used [0x00000000a0000000,0x00000000c0898ed0,0x00000000caf00000)
 Metaspace       used 209623K, capacity 221460K, committed 221696K, reserved 1243136K
  class space    used 26790K, capacity 28914K, committed 28928K, reserved 1048576K
}
Event: 2576.994 GC heap before
{Heap before GC invocations=87 (full 8):
 PSYoungGen      total 363520K, used 361988K [0x00000000e0000000, 0x0000000100000000, 0x0000000100000000)
  eden space 241664K, 100% used [0x00000000e0000000,0x00000000eec00000,0x00000000eec00000)
  from space 121856K, 98% used [0x00000000f8900000,0x00000000ffe810f0,0x0000000100000000)
  to   space 141312K, 0% used [0x00000000eec00000,0x00000000eec00000,0x00000000f7600000)
 ParOldGen       total 703488K, used 533091K [0x00000000a0000000, 0x00000000caf00000, 0x00000000e0000000)
  object space 703488K, 75% used [0x00000000a0000000,0x00000000c0898ed0,0x00000000caf00000)
 Metaspace       used 209676K, capacity 221472K, committed 221696K, reserved 1243136K
  class space    used 26793K, capacity 28918K, committed 28928K, reserved 1048576K
Event: 2577.087 GC heap after
Heap after GC invocations=87 (full 8):
 PSYoungGen      total 370176K, used 128362K [0x00000000e0000000, 0x0000000100000000, 0x0000000100000000)
  eden space 241664K, 0% used [0x00000000e0000000,0x00000000e0000000,0x00000000eec00000)
  from space 128512K, 99% used [0x00000000eec00000,0x00000000f695a928,0x00000000f6980000)
  to   space 154112K, 0% used [0x00000000f6980000,0x00000000f6980000,0x0000000100000000)
 ParOldGen       total 703488K, used 533099K [0x00000000a0000000, 0x00000000caf00000, 0x00000000e0000000)
  object space 703488K, 75% used [0x00000000a0000000,0x00000000c089aed0,0x00000000caf00000)
 Metaspace       used 209676K, capacity 221472K, committed 221696K, reserved 1243136K
  class space    used 26793K, capacity 28918K, committed 28928K, reserved 1048576K
}
Event: 2582.183 GC heap before
{Heap before GC invocations=88 (full 8):
 PSYoungGen      total 370176K, used 369965K [0x00000000e0000000, 0x0000000100000000, 0x0000000100000000)
  eden space 241664K, 99% used [0x00000000e0000000,0x00000000eebf0c60,0x00000000eec00000)
  from space 128512K, 99% used [0x00000000eec00000,0x00000000f695a928,0x00000000f6980000)
  to   space 154112K, 0% used [0x00000000f6980000,0x00000000f6980000,0x0000000100000000)
 ParOldGen       total 703488K, used 533099K [0x00000000a0000000, 0x00000000caf00000, 0x00000000e0000000)
  object space 703488K, 75% used [0x00000000a0000000,0x00000000c089aed0,0x00000000caf00000)
 Metaspace       used 218411K, capacity 230462K, committed 230656K, reserved 1249280K
  class space    used 27907K, capacity 30091K, committed 30208K, reserved 1048576K
Event: 2582.325 GC heap after
Heap after GC invocations=88 (full 8):
 PSYoungGen      total 329216K, used 154102K [0x00000000e0000000, 0x0000000100000000, 0x0000000100000000)
  eden space 175104K, 0% used [0x00000000e0000000,0x00000000e0000000,0x00000000eab00000)
  from space 154112K, 99% used [0x00000000f6980000,0x00000000ffffd8e8,0x0000000100000000)
  to   space 174592K, 0% used [0x00000000eab00000,0x00000000eab00000,0x00000000f5580000)
 ParOldGen       total 703488K, used 539533K [0x00000000a0000000, 0x00000000caf00000, 0x00000000e0000000)
  object space 703488K, 76% used [0x00000000a0000000,0x00000000c0ee34a0,0x00000000caf00000)
 Metaspace       used 218411K, capacity 230462K, committed 230656K, reserved 1249280K
  class space    used 27907K, capacity 30091K, committed 30208K, reserved 1048576K
}
Event: 2586.549 GC heap before
{Heap before GC invocations=89 (full 8):
 PSYoungGen      total 329216K, used 329206K [0x00000000e0000000, 0x0000000100000000, 0x0000000100000000)
  eden space 175104K, 100% used [0x00000000e0000000,0x00000000eab00000,0x00000000eab00000)
  from space 154112K, 99% used [0x00000000f6980000,0x00000000ffffd8e8,0x0000000100000000)
  to   space 174592K, 0% used [0x00000000eab00000,0x00000000eab00000,0x00000000f5580000)
 ParOldGen       total 703488K, used 539533K [0x00000000a0000000, 0x00000000caf00000, 0x00000000e0000000)
  object space 703488K, 76% used [0x00000000a0000000,0x00000000c0ee34a0,0x00000000caf00000)
 Metaspace       used 219486K, capacity 231654K, committed 231808K, reserved 1251328K
  class space    used 28074K, capacity 30263K, committed 30336K, reserved 1048576K
Event: 2586.729 GC heap after
Heap after GC invocations=89 (full 8):
 PSYoungGen      total 349696K, used 135359K [0x00000000e0000000, 0x0000000100000000, 0x0000000100000000)
  eden space 175104K, 0% used [0x00000000e0000000,0x00000000e0000000,0x00000000eab00000)
  from space 174592K, 77% used [0x00000000eab00000,0x00000000f2f2fca8,0x00000000f5580000)
  to   space 174592K, 0% used [0x00000000f5580000,0x00000000f5580000,0x0000000100000000)
 ParOldGen       total 703488K, used 586641K [0x00000000a0000000, 0x00000000caf00000, 0x00000000e0000000)
  object space 703488K, 83% used [0x00000000a0000000,0x00000000c3ce4780,0x00000000caf00000)
 Metaspace       used 219486K, capacity 231654K, committed 231808K, reserved 1251328K
  class space    used 28074K, capacity 30263K, committed 30336K, reserved 1048576K
}
Event: 3547.539 GC heap before
{Heap before GC invocations=90 (full 8):
 PSYoungGen      total 349696K, used 310463K [0x00000000e0000000, 0x0000000100000000, 0x0000000100000000)
  eden space 175104K, 100% used [0x00000000e0000000,0x00000000eab00000,0x00000000eab00000)
  from space 174592K, 77% used [0x00000000eab00000,0x00000000f2f2fca8,0x00000000f5580000)
  to   space 174592K, 0% used [0x00000000f5580000,0x00000000f5580000,0x0000000100000000)
 ParOldGen       total 703488K, used 586641K [0x00000000a0000000, 0x00000000caf00000, 0x00000000e0000000)
  object space 703488K, 83% used [0x00000000a0000000,0x00000000c3ce4780,0x00000000caf00000)
 Metaspace       used 219565K, capacity 231788K, committed 232064K, reserved 1251328K
  class space    used 28085K, capacity 30278K, committed 30336K, reserved 1048576K
Event: 3547.958 GC heap after
Heap after GC invocations=90 (full 8):
 PSYoungGen      total 349696K, used 76917K [0x00000000e0000000, 0x0000000100000000, 0x0000000100000000)
  eden space 175104K, 0% used [0x00000000e0000000,0x00000000e0000000,0x00000000eab00000)
  from space 174592K, 44% used [0x00000000f5580000,0x00000000fa09d410,0x0000000100000000)
  to   space 174592K, 0% used [0x00000000eab00000,0x00000000eab00000,0x00000000f5580000)
 ParOldGen       total 703488K, used 643109K [0x00000000a0000000, 0x00000000caf00000, 0x00000000e0000000)
  object space 703488K, 91% used [0x00000000a0000000,0x00000000c7409728,0x00000000caf00000)
 Metaspace       used 219565K, capacity 231788K, committed 232064K, reserved 1251328K
  class space    used 28085K, capacity 30278K, committed 30336K, reserved 1048576K
}
Event: 3547.959 GC heap before
{Heap before GC invocations=91 (full 9):
 PSYoungGen      total 349696K, used 76917K [0x00000000e0000000, 0x0000000100000000, 0x0000000100000000)
  eden space 175104K, 0% used [0x00000000e0000000,0x00000000e0000000,0x00000000eab00000)
  from space 174592K, 44% used [0x00000000f5580000,0x00000000fa09d410,0x0000000100000000)
  to   space 174592K, 0% used [0x00000000eab00000,0x00000000eab00000,0x00000000f5580000)
 ParOldGen       total 703488K, used 643109K [0x00000000a0000000, 0x00000000caf00000, 0x00000000e0000000)
  object space 703488K, 91% used [0x00000000a0000000,0x00000000c7409728,0x00000000caf00000)
 Metaspace       used 219565K, capacity 231788K, committed 232064K, reserved 1251328K
  class space    used 28085K, capacity 30278K, committed 30336K, reserved 1048576K

Deoptimization events (10 events):
Event: 2582.355 Thread 0x000000001cb64000 Uncommon trap: reason=class_check action=maybe_recompile pc=0x000000000a01cc20 method=com.google.common.collect.AbstractMapBasedMultimap.wrapCollection(Ljava/lang/Object;Ljava/util/Collection;)Ljava/util/Collection; @ 36
Event: 2582.355 Thread 0x000000001cb64000 Uncommon trap: reason=class_check action=maybe_recompile pc=0x000000000a02036c method=com.google.common.collect.AbstractMapBasedMultimap.iteratorOrListIterator(Ljava/util/Collection;)Ljava/util/Iterator; @ 20
Event: 2582.380 Thread 0x000000001cb64000 Uncommon trap: reason=class_check action=maybe_recompile pc=0x000000000a01a74c method=com.google.common.collect.SingletonImmutableSet.contains(Ljava/lang/Object;)Z @ 5
Event: 2582.381 Thread 0x000000001cb64000 Uncommon trap: reason=class_check action=maybe_recompile pc=0x000000000a01a74c method=com.google.common.collect.SingletonImmutableSet.contains(Ljava/lang/Object;)Z @ 5
Event: 2582.381 Thread 0x000000001cb64000 Uncommon trap: reason=class_check action=maybe_recompile pc=0x000000000a01a74c method=com.google.common.collect.SingletonImmutableSet.contains(Ljava/lang/Object;)Z @ 5
Event: 2582.381 Thread 0x000000001cb64000 Uncommon trap: reason=class_check action=maybe_recompile pc=0x000000000a01a74c method=com.google.common.collect.SingletonImmutableSet.contains(Ljava/lang/Object;)Z @ 5
Event: 2582.382 Thread 0x000000001cb64000 Uncommon trap: reason=class_check action=maybe_recompile pc=0x000000000a01cc20 method=com.google.common.collect.AbstractMapBasedMultimap.wrapCollection(Ljava/lang/Object;Ljava/util/Collection;)Ljava/util/Collection; @ 36
Event: 2582.382 Thread 0x000000001cb64000 Uncommon trap: reason=class_check action=maybe_recompile pc=0x000000000a02036c method=com.google.common.collect.AbstractMapBasedMultimap.iteratorOrListIterator(Ljava/util/Collection;)Ljava/util/Iterator; @ 20
Event: 3546.053 Thread 0x000000001db88800 Uncommon trap: reason=unstable_if action=reinterpret pc=0x0000000004d07f60 method=com.google.common.cache.LocalCache$Segment.evictEntries()V @ 25
Event: 3546.107 Thread 0x000000001db88800 Uncommon trap: reason=predicate action=maybe_recompile pc=0x000000000a0fdc28 method=org.codehaus.groovy.reflection.ParameterTypes.makeCommonArray([Ljava/lang/Object;ILjava/lang/Class;)Ljava/lang/Object; @ 25

Internal exceptions (10 events):
Event: 2506.420 Thread 0x000000001db8e000 Exception <a 'java/io/FileNotFoundException'> (0x00000000e7021060) thrown at [C:\src\android\AOSP-openjdk\external\jetbrains\jdk\hotspot\src\share\vm\prims\jni.cpp, line 709]
Event: 2511.383 Thread 0x000000001db8e000 Exception <a 'sun/nio/fs/WindowsException'> (0x00000000ee40fa60) thrown at [C:\src\android\AOSP-openjdk\external\jetbrains\jdk\hotspot\src\share\vm\prims\jni.cpp, line 709]
Event: 2576.985 Thread 0x000000001cb64000 Exception <a 'java/lang/ClassNotFoundException': asLocalRepo562_65tbcigeqms6ajv6gu9g7wyrtBeanInfo> (0x00000000eebc0410) thrown at [C:\src\android\AOSP-openjdk\external\jetbrains\jdk\hotspot\src\share\vm\classfile\systemDictionary.cpp, line 210]
Event: 2576.986 Thread 0x000000001cb64000 Exception <a 'java/lang/ClassNotFoundException': asLocalRepo562_65tbcigeqms6ajv6gu9g7wyrtCustomizer> (0x00000000eebcb1e0) thrown at [C:\src\android\AOSP-openjdk\external\jetbrains\jdk\hotspot\src\share\vm\classfile\systemDictionary.cpp, line 210]
Event: 2584.377 Thread 0x000000001cb64000 Exception <a 'java/lang/reflect/InvocationTargetException'> (0x00000000e9439a50) thrown at [C:\src\android\AOSP-openjdk\external\jetbrains\jdk\hotspot\src\share\vm\runtime\reflection.cpp, line 1092]
Event: 2584.383 Thread 0x000000001cb64000 Exception <a 'java/io/FileNotFoundException'> (0x00000000e94ae178) thrown at [C:\src\android\AOSP-openjdk\external\jetbrains\jdk\hotspot\src\share\vm\prims\jni.cpp, line 709]
Event: 2584.386 Thread 0x000000001cb64000 Exception <a 'java/io/FileNotFoundException'> (0x00000000e94cfa48) thrown at [C:\src\android\AOSP-openjdk\external\jetbrains\jdk\hotspot\src\share\vm\prims\jni.cpp, line 709]
Event: 2589.164 Thread 0x000000001cb64000 Exception <a 'sun/nio/fs/WindowsException'> (0x00000000e5edd630) thrown at [C:\src\android\AOSP-openjdk\external\jetbrains\jdk\hotspot\src\share\vm\prims\jni.cpp, line 709]
Event: 3546.087 Thread 0x000000001db88800 Exception <a 'java/lang/ClassNotFoundException': asLocalRepo1558_bn6t8omwfyuqumtd19sna1nseBeanInfo> (0x00000000e6beba30) thrown at [C:\src\android\AOSP-openjdk\external\jetbrains\jdk\hotspot\src\share\vm\classfile\systemDictionary.cpp, line 210]
Event: 3546.088 Thread 0x000000001db88800 Exception <a 'java/lang/ClassNotFoundException': asLocalRepo1558_bn6t8omwfyuqumtd19sna1nseCustomizer> (0x00000000e6bf6e68) thrown at [C:\src\android\AOSP-openjdk\external\jetbrains\jdk\hotspot\src\share\vm\classfile\systemDictionary.cpp, line 210]

Events (10 events):
Event: 3546.942 Thread 0x0000000018ba6000 flushing nmethod 0x0000000003401c50
Event: 3546.951 Thread 0x0000000018ba6000 flushing nmethod 0x00000000037c7910
Event: 3546.966 Thread 0x0000000018ba6000 flushing nmethod 0x0000000003c341d0
Event: 3546.994 Thread 0x0000000018ba6000 flushing nmethod 0x0000000004575dd0
Event: 3546.995 Thread 0x0000000018ba6000 flushing nmethod 0x00000000045d0350
Event: 3547.002 Thread 0x0000000018ba6000 flushing nmethod 0x00000000049643d0
Event: 3547.008 Thread 0x0000000018ba6000 flushing nmethod 0x0000000004bbd090
Event: 3547.042 Thread 0x0000000018ba6000 flushing nmethod 0x0000000005071a10
Event: 3547.209 Thread 0x0000000018ba6000 flushing nmethod 0x00000000062a95d0
Event: 3547.538 Executing VM operation: ParallelGCFailedAllocation


Dynamic libraries:
0x00007ff7633f0000 - 0x00007ff763421000 	C:\Program Files\Android\Android Studio\jre\bin\java.exe
0x00007ffe14630000 - 0x00007ffe14801000 	C:\WINDOWS\SYSTEM32\ntdll.dll
0x00007ffe13cf0000 - 0x00007ffe13d9b000 	C:\WINDOWS\System32\KERNEL32.DLL
0x00007ffe10cd0000 - 0x00007ffe10eed000 	C:\WINDOWS\System32\KERNELBASE.dll
0x00007ffe13e60000 - 0x00007ffe13f02000 	C:\WINDOWS\System32\ADVAPI32.dll
0x00007ffe120d0000 - 0x00007ffe1216e000 	C:\WINDOWS\System32\msvcrt.dll
0x00007ffe13da0000 - 0x00007ffe13df9000 	C:\WINDOWS\System32\sechost.dll
0x00007ffe121e0000 - 0x00007ffe12301000 	C:\WINDOWS\System32\RPCRT4.dll
0x00007ffe13a80000 - 0x00007ffe13be5000 	C:\WINDOWS\System32\USER32.dll
0x00007ffe10b20000 - 0x00007ffe10b3e000 	C:\WINDOWS\System32\win32u.dll
0x00007ffe12090000 - 0x00007ffe120c4000 	C:\WINDOWS\System32\GDI32.dll
0x00007ffe10b40000 - 0x00007ffe10cc2000 	C:\WINDOWS\System32\gdi32full.dll
0x00007ffe00d00000 - 0x00007ffe00f7a000 	C:\WINDOWS\WinSxS\amd64_microsoft.windows.common-controls_6595b64144ccf1df_6.0.14393.953_none_42151e83c686086b\COMCTL32.dll
0x00007ffe13f10000 - 0x00007ffe141d8000 	C:\WINDOWS\System32\combase.dll
0x00007ffe11850000 - 0x00007ffe11945000 	C:\WINDOWS\System32\ucrtbase.dll
0x00007ffe11950000 - 0x00007ffe119ba000 	C:\WINDOWS\System32\bcryptPrimitives.dll
0x00007ffe14340000 - 0x00007ffe1436e000 	C:\WINDOWS\System32\IMM32.DLL
0x000000006e660000 - 0x000000006e732000 	C:\Program Files\Android\Android Studio\jre\jre\bin\msvcr100.dll
0x000000006e820000 - 0x000000006f05c000 	C:\Program Files\Android\Android Studio\jre\jre\bin\server\jvm.dll
0x00007ffe11bc0000 - 0x00007ffe11bc8000 	C:\WINDOWS\System32\PSAPI.DLL
0x00007ffe0e4d0000 - 0x00007ffe0e4f3000 	C:\WINDOWS\SYSTEM32\WINMM.dll
0x00007ffe104c0000 - 0x00007ffe104c9000 	C:\WINDOWS\SYSTEM32\WSOCK32.dll
0x00007ffe0e360000 - 0x00007ffe0e38b000 	C:\WINDOWS\SYSTEM32\WINMMBASE.dll
0x00007ffe0f000000 - 0x00007ffe0f00a000 	C:\WINDOWS\SYSTEM32\VERSION.dll
0x00007ffe10ef0000 - 0x00007ffe10f32000 	C:\WINDOWS\System32\cfgmgr32.dll
0x00007ffe12170000 - 0x00007ffe121da000 	C:\WINDOWS\System32\WS2_32.dll
0x00007ffe0c960000 - 0x00007ffe0c96f000 	C:\Program Files\Android\Android Studio\jre\jre\bin\verify.dll
0x00007ffe02ff0000 - 0x00007ffe03019000 	C:\Program Files\Android\Android Studio\jre\jre\bin\java.dll
0x00007ffe03ad0000 - 0x00007ffe03ae6000 	C:\Program Files\Android\Android Studio\jre\jre\bin\zip.dll
0x00007ffe12310000 - 0x00007ffe13819000 	C:\WINDOWS\System32\SHELL32.dll
0x00007ffe10fa0000 - 0x00007ffe1167a000 	C:\WINDOWS\System32\windows.storage.dll
0x00007ffe10ad0000 - 0x00007ffe10b1c000 	C:\WINDOWS\System32\powrprof.dll
0x00007ffe13820000 - 0x00007ffe13872000 	C:\WINDOWS\System32\shlwapi.dll
0x00007ffe10aa0000 - 0x00007ffe10aaf000 	C:\WINDOWS\System32\kernel.appcore.dll
0x00007ffe11b10000 - 0x00007ffe11bb9000 	C:\WINDOWS\System32\shcore.dll
0x00007ffe10ab0000 - 0x00007ffe10ac4000 	C:\WINDOWS\System32\profapi.dll
0x00007ffe03a00000 - 0x00007ffe03a1a000 	C:\Program Files\Android\Android Studio\jre\jre\bin\net.dll
0x00007ffe100c0000 - 0x00007ffe1011c000 	C:\WINDOWS\system32\mswsock.dll
0x00007ffe02fd0000 - 0x00007ffe02fe1000 	C:\Program Files\Android\Android Studio\jre\jre\bin\nio.dll
0x00007ffdffcf0000 - 0x00007ffdffd0e000 	C:\Users\Umer\.gradle\native\23\windows-amd64\native-platform.dll
0x00007ffe10520000 - 0x00007ffe10537000 	C:\WINDOWS\SYSTEM32\CRYPTSP.dll
0x00007ffe0fcc0000 - 0x00007ffe0fcf3000 	C:\WINDOWS\system32\rsaenh.dll
0x00007ffe10910000 - 0x00007ffe1093b000 	C:\WINDOWS\SYSTEM32\bcrypt.dll
0x00007ffe0ff40000 - 0x00007ffe0ff5f000 	C:\WINDOWS\SYSTEM32\USERENV.dll
0x00007ffe10260000 - 0x00007ffe1026b000 	C:\WINDOWS\SYSTEM32\CRYPTBASE.dll
0x00007ffe0fe40000 - 0x00007ffe0fe78000 	C:\WINDOWS\SYSTEM32\IPHLPAPI.DLL
0x00007ffe14370000 - 0x00007ffe14378000 	C:\WINDOWS\System32\NSI.dll
0x00007ffe0b060000 - 0x00007ffe0b076000 	C:\WINDOWS\SYSTEM32\dhcpcsvc6.DLL
0x00007ffe0b140000 - 0x00007ffe0b15a000 	C:\WINDOWS\SYSTEM32\dhcpcsvc.DLL
0x00007ffe0b5e0000 - 0x00007ffe0b5ed000 	C:\Program Files\Android\Android Studio\jre\jre\bin\management.dll
0x00007ffe0fb30000 - 0x00007ffe0fb62000 	C:\WINDOWS\SYSTEM32\ntmarta.dll
0x00007ffdffe30000 - 0x00007ffdffe54000 	C:\Program Files\Android\Android Studio\jre\jre\bin\sunec.dll
0x00007ffe0fe80000 - 0x00007ffe0ff21000 	C:\WINDOWS\SYSTEM32\DNSAPI.dll
0x000000006f610000 - 0x000000006f636000 	C:\Program Files\Bonjour\mdnsNSP.dll
0x00007ffe0f5d0000 - 0x00007ffe0f5da000 	C:\Windows\System32\rasadhlp.dll
0x00007ffe08b20000 - 0x00007ffe08b8a000 	C:\WINDOWS\System32\fwpuclnt.dll
0x00007ffe04350000 - 0x00007ffe0435b000 	C:\Program Files\Android\Android Studio\jre\jre\bin\sunmscapi.dll
0x00007ffe11680000 - 0x00007ffe11849000 	C:\WINDOWS\System32\CRYPT32.dll
0x00007ffe10a90000 - 0x00007ffe10aa0000 	C:\WINDOWS\System32\MSASN1.dll
0x00007ffe106c0000 - 0x00007ffe10852000 	C:\WINDOWS\SYSTEM32\dbghelp.dll

VM Arguments:
jvm_args: -Xmx1536m -Dfile.encoding=windows-1252 -Duser.country=US -Duser.language=en -Duser.variant 
java_command: org.gradle.launcher.daemon.bootstrap.GradleDaemon 3.3
java_class_path (initial): C:\Users\Umer\.gradle\wrapper\dists\gradle-3.3-all\55gk2rcmfc6p2dg9u9ohc3hw9\gradle-3.3\lib\gradle-launcher-3.3.jar
Launcher Type: SUN_STANDARD

Environment Variables:
PATH=C:\WINDOWS\system32;C:\WINDOWS;C:\WINDOWS\System32\Wbem;C:\WINDOWS\System32\WindowsPowerShell\v1.0\;C:\Program Files (x86)\ATI Technologies\ATI.ACE\Core-Static;C:\Program Files (x86)\Heroku\bin;C:\Program Files (x86)\git\cmd;C:\Program Files (x86)\Git\cmd;C:\Program Files\nodejs\;C:\Users\Umer\AppData\Local\Android\sdk\platform-tools\;C:\Program Files\OpenVPN\bin;C:\Program Files (x86)\Skype\Phone\;C:\Users\Umer\AppData\Roaming\npm;C:\Program Files\nodejs\;C:\Users\Umer\AppData\Local\Android\android-ndk-r11c;C:\Users\Umer\AppData\Local\Microsoft\WindowsApps;C:\Program Files\MongoDB\Server\3.2\bin;C:\Program Files\Java\jdk1.7.0_79\jre\bin
USERNAME=Umer
OS=Windows_NT
PROCESSOR_IDENTIFIER=Intel64 Family 6 Model 42 Stepping 7, GenuineIntel



---------------  S Y S T E M  ---------------

OS: Windows 10.0 , 64 bit Build 14393 (10.0.14393.0)

CPU:total 8 (4 cores per cpu, 2 threads per core) family 6 model 42 stepping 7, cmov, cx8, fxsr, mmx, sse, sse2, sse3, ssse3, sse4.1, sse4.2, popcnt, avx, aes, clmul, ht, tsc, tscinvbit

Memory: 4k page, physical 8334948k(973996k free), swap 15379160k(2191444k free)

vm_info: OpenJDK 64-Bit Server VM (25.112-b06) for windows-amd64 JRE (1.8.0_112-release-b06), built on Dec  8 2016 00:54:26 by "builder" with MS VC++ 10.0 (VS2010)

time: Thu Apr 13 00:58:26 2017
elapsed time: 3549 seconds (0d 0h 59m 9s)

